{"D:\\personal\\teste-pratico\\src\\app.ts": {"path":"D:\\personal\\teste-pratico\\src\\app.ts","statementMap":{"0":{"start":{"line":1,"column":0},"end":{"line":1,"column":30}},"1":{"start":{"line":2,"column":0},"end":{"line":2,"column":35}},"2":{"start":{"line":4,"column":12},"end":{"line":4,"column":21}},"3":{"start":{"line":5,"column":0},"end":{"line":5,"column":24}},"4":{"start":{"line":6,"column":0},"end":{"line":6,"column":16}},"5":{"start":{"line":8,"column":0},"end":{"line":8,"column":19}}},"fnMap":{},"branchMap":{},"s":{"0":1,"1":1,"2":1,"3":1,"4":1,"5":1},"f":{},"b":{}}
,"D:\\personal\\teste-pratico\\src\\controllers\\CarController.ts": {"path":"D:\\personal\\teste-pratico\\src\\controllers\\CarController.ts","statementMap":{"0":{"start":{"line":1,"column":0},"end":{"line":1,"column":52}},"1":{"start":{"line":3,"column":0},"end":{"line":3,"column":48}},"2":{"start":{"line":4,"column":0},"end":{"line":4,"column":64}},"3":{"start":{"line":6,"column":22},"end":{"line":6,"column":30}},"4":{"start":{"line":8,"column":22},"end":{"line":8,"column":41}},"5":{"start":{"line":9,"column":25},"end":{"line":9,"column":60}},"6":{"start":{"line":11,"column":0},"end":{"line":27,"column":3}},"7":{"start":{"line":12,"column":36},"end":{"line":12,"column":49}},"8":{"start":{"line":12,"column":13},"end":{"line":12,"column":15}},"9":{"start":{"line":12,"column":20},"end":{"line":12,"column":22}},"10":{"start":{"line":12,"column":27},"end":{"line":12,"column":29}},"11":{"start":{"line":12,"column":31},"end":{"line":12,"column":36}},"12":{"start":{"line":14,"column":2},"end":{"line":18,"column":null}},"13":{"start":{"line":15,"column":16},"end":{"line":15,"column":53}},"14":{"start":{"line":17,"column":4},"end":{"line":17,"column":41}},"15":{"start":{"line":20,"column":15},"end":{"line":24,"column":4}},"16":{"start":{"line":26,"column":2},"end":{"line":26,"column":40}},"17":{"start":{"line":29,"column":0},"end":{"line":39,"column":3}},"18":{"start":{"line":30,"column":32},"end":{"line":30,"column":44}},"19":{"start":{"line":30,"column":13},"end":{"line":30,"column":15}},"20":{"start":{"line":30,"column":20},"end":{"line":30,"column":22}},"21":{"start":{"line":30,"column":27},"end":{"line":30,"column":32}},"22":{"start":{"line":32,"column":21},"end":{"line":36,"column":4}},"23":{"start":{"line":38,"column":2},"end":{"line":38,"column":44}},"24":{"start":{"line":41,"column":0},"end":{"line":47,"column":3}},"25":{"start":{"line":42,"column":17},"end":{"line":42,"column":32}},"26":{"start":{"line":44,"column":2},"end":{"line":44,"column":27}},"27":{"start":{"line":46,"column":2},"end":{"line":46,"column":37}},"28":{"start":{"line":49,"column":0},"end":{"line":56,"column":3}},"29":{"start":{"line":50,"column":17},"end":{"line":50,"column":32}},"30":{"start":{"line":51,"column":32},"end":{"line":51,"column":44}},"31":{"start":{"line":51,"column":13},"end":{"line":51,"column":15}},"32":{"start":{"line":51,"column":20},"end":{"line":51,"column":22}},"33":{"start":{"line":51,"column":27},"end":{"line":51,"column":32}},"34":{"start":{"line":53,"column":21},"end":{"line":53,"column":68}},"35":{"start":{"line":55,"column":2},"end":{"line":55,"column":44}},"36":{"start":{"line":58,"column":0},"end":{"line":58,"column":29}}},"fnMap":{"0":{"name":"(anonymous_1)","decl":{"start":{"line":11,"column":23},"end":{"line":11,"column":24}},"loc":{"start":{"line":11,"column":60},"end":{"line":27,"column":1}}},"1":{"name":"(anonymous_2)","decl":{"start":{"line":29,"column":24},"end":{"line":29,"column":25}},"loc":{"start":{"line":29,"column":61},"end":{"line":39,"column":1}}},"2":{"name":"(anonymous_3)","decl":{"start":{"line":41,"column":29},"end":{"line":41,"column":30}},"loc":{"start":{"line":41,"column":66},"end":{"line":47,"column":1}}},"3":{"name":"(anonymous_4)","decl":{"start":{"line":49,"column":26},"end":{"line":49,"column":27}},"loc":{"start":{"line":49,"column":63},"end":{"line":56,"column":1}}}},"branchMap":{"0":{"loc":{"start":{"line":14,"column":2},"end":{"line":18,"column":null}},"type":"if","locations":[{"start":{"line":14,"column":2},"end":{"line":18,"column":null}},{"start":{"line":14,"column":2},"end":{"line":18,"column":null}}]},"1":{"loc":{"start":{"line":21,"column":12},"end":{"line":21,"column":14}},"type":"cond-expr","locations":[{"start":{"line":21,"column":12},"end":{"line":21,"column":14}},{"start":{"line":21,"column":9},"end":{"line":21,"column":24}}]},"2":{"loc":{"start":{"line":21,"column":9},"end":{"line":21,"column":14}},"type":"binary-expr","locations":[{"start":{"line":21,"column":9},"end":{"line":21,"column":14}},{"start":{"line":21,"column":9},"end":{"line":21,"column":14}}]},"3":{"loc":{"start":{"line":22,"column":16},"end":{"line":22,"column":18}},"type":"cond-expr","locations":[{"start":{"line":22,"column":16},"end":{"line":22,"column":18}},{"start":{"line":22,"column":11},"end":{"line":22,"column":28}}]},"4":{"loc":{"start":{"line":22,"column":11},"end":{"line":22,"column":18}},"type":"binary-expr","locations":[{"start":{"line":22,"column":11},"end":{"line":22,"column":18}},{"start":{"line":22,"column":11},"end":{"line":22,"column":18}}]},"5":{"loc":{"start":{"line":23,"column":16},"end":{"line":23,"column":18}},"type":"cond-expr","locations":[{"start":{"line":23,"column":16},"end":{"line":23,"column":18}},{"start":{"line":23,"column":11},"end":{"line":23,"column":28}}]},"6":{"loc":{"start":{"line":23,"column":11},"end":{"line":23,"column":18}},"type":"binary-expr","locations":[{"start":{"line":23,"column":11},"end":{"line":23,"column":18}},{"start":{"line":23,"column":11},"end":{"line":23,"column":18}}]}},"s":{"0":1,"1":1,"2":1,"3":1,"4":1,"5":1,"6":1,"7":5,"8":5,"9":5,"10":5,"11":5,"12":5,"13":2,"14":2,"15":3,"16":3,"17":1,"18":8,"19":8,"20":8,"21":8,"22":8,"23":6,"24":1,"25":1,"26":1,"27":1,"28":1,"29":1,"30":1,"31":1,"32":1,"33":1,"34":1,"35":1,"36":1},"f":{"0":5,"1":8,"2":1,"3":1},"b":{"0":[2,3],"1":[1,2],"2":[3,3],"3":[1,2],"4":[3,3],"5":[1,2],"6":[3,3]}}
,"D:\\personal\\teste-pratico\\src\\controllers\\index.ts": {"path":"D:\\personal\\teste-pratico\\src\\controllers\\index.ts","statementMap":{"0":{"start":{"line":1,"column":0},"end":{"line":1,"column":33}},"1":{"start":{"line":2,"column":0},"end":{"line":2,"column":44}},"2":{"start":{"line":4,"column":15},"end":{"line":4,"column":23}},"3":{"start":{"line":6,"column":0},"end":{"line":6,"column":34}},"4":{"start":{"line":10,"column":0},"end":{"line":10,"column":22}}},"fnMap":{},"branchMap":{},"s":{"0":1,"1":1,"2":1,"3":1,"4":1},"f":{},"b":{}}
,"D:\\personal\\teste-pratico\\src\\models\\Car.ts": {"path":"D:\\personal\\teste-pratico\\src\\models\\Car.ts","statementMap":{"0":{"start":{"line":1,"column":0},"end":{"line":1,"column":30}},"1":{"start":{"line":3,"column":0},"end":{"line":3,"column":null}},"2":{"start":{"line":12,"column":19},"end":{"line":12,"column":21}},"3":{"start":{"line":12,"column":26},"end":{"line":12,"column":28}},"4":{"start":{"line":12,"column":33},"end":{"line":12,"column":52}},"5":{"start":{"line":13,"column":4},"end":{"line":13,"column":21}},"6":{"start":{"line":14,"column":4},"end":{"line":14,"column":19}},"7":{"start":{"line":15,"column":4},"end":{"line":15,"column":23}},"8":{"start":{"line":16,"column":4},"end":{"line":16,"column":23}},"9":{"start":{"line":18,"column":0},"end":{"line":18,"column":null}}},"fnMap":{"0":{"name":"(anonymous_0)","decl":{"start":{"line":3,"column":0},"end":{"line":3,"column":null}},"loc":{"start":{"line":3,"column":0},"end":{"line":18,"column":null}}},"1":{"name":"Car","decl":{"start":{"line":12,"column":2},"end":{"line":12,"column":14}},"loc":{"start":{"line":12,"column":52},"end":{"line":17,"column":3}}}},"branchMap":{},"s":{"0":5,"1":5,"2":33,"3":33,"4":33,"5":33,"6":33,"7":33,"8":33,"9":5},"f":{"0":5,"1":33},"b":{}}
,"D:\\personal\\teste-pratico\\src\\models\\Driver.ts": {"path":"D:\\personal\\teste-pratico\\src\\models\\Driver.ts","statementMap":{"0":{"start":{"line":1,"column":0},"end":{"line":1,"column":30}},"1":{"start":{"line":3,"column":0},"end":{"line":3,"column":null}},"2":{"start":{"line":8,"column":20},"end":{"line":8,"column":42}},"3":{"start":{"line":9,"column":4},"end":{"line":9,"column":21}},"4":{"start":{"line":10,"column":4},"end":{"line":10,"column":21}},"5":{"start":{"line":12,"column":0},"end":{"line":12,"column":null}}},"fnMap":{"0":{"name":"(anonymous_0)","decl":{"start":{"line":3,"column":0},"end":{"line":3,"column":null}},"loc":{"start":{"line":3,"column":0},"end":{"line":12,"column":null}}},"1":{"name":"Driver","decl":{"start":{"line":8,"column":2},"end":{"line":8,"column":14}},"loc":{"start":{"line":8,"column":42},"end":{"line":11,"column":3}}}},"branchMap":{},"s":{"0":3,"1":3,"2":23,"3":23,"4":23,"5":3},"f":{"0":3,"1":23},"b":{}}
,"D:\\personal\\teste-pratico\\src\\models\\Rent.ts": {"path":"D:\\personal\\teste-pratico\\src\\models\\Rent.ts","statementMap":{"0":{"start":{"line":1,"column":0},"end":{"line":1,"column":30}},"1":{"start":{"line":3,"column":0},"end":{"line":3,"column":null}},"2":{"start":{"line":16,"column":26},"end":{"line":16,"column":28}},"3":{"start":{"line":16,"column":36},"end":{"line":16,"column":38}},"4":{"start":{"line":16,"column":43},"end":{"line":16,"column":45}},"5":{"start":{"line":16,"column":51},"end":{"line":16,"column":71}},"6":{"start":{"line":17,"column":4},"end":{"line":17,"column":21}},"7":{"start":{"line":18,"column":4},"end":{"line":18,"column":33}},"8":{"start":{"line":19,"column":4},"end":{"line":19,"column":29}},"9":{"start":{"line":20,"column":4},"end":{"line":20,"column":23}},"10":{"start":{"line":21,"column":4},"end":{"line":21,"column":25}},"11":{"start":{"line":23,"column":0},"end":{"line":23,"column":null}}},"fnMap":{"0":{"name":"(anonymous_0)","decl":{"start":{"line":3,"column":0},"end":{"line":3,"column":null}},"loc":{"start":{"line":3,"column":0},"end":{"line":23,"column":null}}},"1":{"name":"Rent","decl":{"start":{"line":16,"column":2},"end":{"line":16,"column":14}},"loc":{"start":{"line":16,"column":71},"end":{"line":22,"column":3}}}},"branchMap":{},"s":{"0":2,"1":2,"2":6,"3":6,"4":6,"5":6,"6":6,"7":6,"8":6,"9":6,"10":6,"11":2},"f":{"0":2,"1":6},"b":{}}
,"D:\\personal\\teste-pratico\\src\\repositories\\Car\\index.ts": {"path":"D:\\personal\\teste-pratico\\src\\repositories\\Car\\index.ts","statementMap":{"0":{"start":{"line":1,"column":0},"end":{"line":1,"column":35}},"1":{"start":{"line":16,"column":0},"end":{"line":16,"column":null}},"2":{"start":{"line":20,"column":4},"end":{"line":20,"column":19}},"3":{"start":{"line":23,"column":9},"end":{"line":33,"column":null}},"4":{"start":{"line":23,"column":21},"end":{"line":23,"column":23}},"5":{"start":{"line":23,"column":28},"end":{"line":23,"column":30}},"6":{"start":{"line":23,"column":35},"end":{"line":23,"column":45}},"7":{"start":{"line":24,"column":16},"end":{"line":28,"column":6}},"8":{"start":{"line":30,"column":4},"end":{"line":30,"column":24}},"9":{"start":{"line":32,"column":4},"end":{"line":32,"column":15}},"10":{"start":{"line":35,"column":9},"end":{"line":49,"column":null}},"11":{"start":{"line":35,"column":14},"end":{"line":35,"column":null}},"12":{"start":{"line":35,"column":21},"end":{"line":35,"column":23}},"13":{"start":{"line":35,"column":26},"end":{"line":35,"column":28}},"14":{"start":{"line":35,"column":33},"end":{"line":35,"column":52}},"15":{"start":{"line":36,"column":19},"end":{"line":36,"column":24}},"16":{"start":{"line":38,"column":4},"end":{"line":40,"column":null}},"17":{"start":{"line":39,"column":6},"end":{"line":39,"column":53}},"18":{"start":{"line":39,"column":32},"end":{"line":39,"column":52}},"19":{"start":{"line":41,"column":4},"end":{"line":43,"column":null}},"20":{"start":{"line":42,"column":6},"end":{"line":42,"column":49}},"21":{"start":{"line":42,"column":32},"end":{"line":42,"column":48}},"22":{"start":{"line":44,"column":4},"end":{"line":46,"column":null}},"23":{"start":{"line":45,"column":6},"end":{"line":45,"column":53}},"24":{"start":{"line":45,"column":32},"end":{"line":45,"column":52}},"25":{"start":{"line":48,"column":4},"end":{"line":48,"column":16}},"26":{"start":{"line":51,"column":9},"end":{"line":55,"column":null}},"27":{"start":{"line":52,"column":26},"end":{"line":52,"column":70}},"28":{"start":{"line":52,"column":53},"end":{"line":52,"column":70}},"29":{"start":{"line":54,"column":4},"end":{"line":54,"column":36}},"30":{"start":{"line":57,"column":9},"end":{"line":61,"column":null}},"31":{"start":{"line":58,"column":27},"end":{"line":58,"column":68}},"32":{"start":{"line":58,"column":51},"end":{"line":58,"column":68}},"33":{"start":{"line":60,"column":4},"end":{"line":60,"column":31}},"34":{"start":{"line":63,"column":9},"end":{"line":76,"column":null}},"35":{"start":{"line":63,"column":20},"end":{"line":63,"column":22}},"36":{"start":{"line":63,"column":25},"end":{"line":63,"column":27}},"37":{"start":{"line":63,"column":32},"end":{"line":63,"column":34}},"38":{"start":{"line":63,"column":39},"end":{"line":63,"column":49}},"39":{"start":{"line":64,"column":21},"end":{"line":64,"column":62}},"40":{"start":{"line":64,"column":48},"end":{"line":64,"column":62}},"41":{"start":{"line":66,"column":26},"end":{"line":66,"column":46}},"42":{"start":{"line":68,"column":4},"end":{"line":73,"column":6}},"43":{"start":{"line":75,"column":4},"end":{"line":75,"column":31}},"44":{"start":{"line":77,"column":0},"end":{"line":77,"column":null}}},"fnMap":{"0":{"name":"(anonymous_1)","decl":{"start":{"line":16,"column":0},"end":{"line":16,"column":null}},"loc":{"start":{"line":16,"column":0},"end":{"line":77,"column":null}}},"1":{"name":"CarRepository","decl":{"start":{"line":19,"column":2},"end":{"line":19,"column":null}},"loc":{"start":{"line":19,"column":2},"end":{"line":21,"column":3}}},"2":{"name":"(anonymous_3)","decl":{"start":{"line":23,"column":2},"end":{"line":23,"column":9}},"loc":{"start":{"line":23,"column":45},"end":{"line":33,"column":3}}},"3":{"name":"(anonymous_4)","decl":{"start":{"line":35,"column":2},"end":{"line":35,"column":9}},"loc":{"start":{"line":35,"column":54},"end":{"line":49,"column":3}}},"4":{"name":"(anonymous_5)","decl":{"start":{"line":39,"column":25},"end":{"line":39,"column":28}},"loc":{"start":{"line":39,"column":28},"end":{"line":39,"column":35}}},"5":{"name":"(anonymous_6)","decl":{"start":{"line":42,"column":25},"end":{"line":42,"column":28}},"loc":{"start":{"line":42,"column":28},"end":{"line":42,"column":35}}},"6":{"name":"(anonymous_7)","decl":{"start":{"line":45,"column":25},"end":{"line":45,"column":28}},"loc":{"start":{"line":45,"column":28},"end":{"line":45,"column":35}}},"7":{"name":"(anonymous_8)","decl":{"start":{"line":51,"column":2},"end":{"line":51,"column":9}},"loc":{"start":{"line":51,"column":31},"end":{"line":55,"column":3}}},"8":{"name":"(anonymous_9)","decl":{"start":{"line":52,"column":46},"end":{"line":52,"column":49}},"loc":{"start":{"line":52,"column":49},"end":{"line":52,"column":56}}},"9":{"name":"(anonymous_10)","decl":{"start":{"line":57,"column":2},"end":{"line":57,"column":9}},"loc":{"start":{"line":57,"column":29},"end":{"line":61,"column":3}}},"10":{"name":"(anonymous_11)","decl":{"start":{"line":58,"column":44},"end":{"line":58,"column":47}},"loc":{"start":{"line":58,"column":47},"end":{"line":58,"column":54}}},"11":{"name":"(anonymous_12)","decl":{"start":{"line":63,"column":2},"end":{"line":63,"column":9}},"loc":{"start":{"line":63,"column":49},"end":{"line":76,"column":3}}},"12":{"name":"(anonymous_13)","decl":{"start":{"line":64,"column":41},"end":{"line":64,"column":44}},"loc":{"start":{"line":64,"column":44},"end":{"line":64,"column":51}}}},"branchMap":{"0":{"loc":{"start":{"line":35,"column":52},"end":{"line":35,"column":54}},"type":"cond-expr","locations":[{"start":{"line":35,"column":52},"end":{"line":35,"column":54}},{"start":{"line":35,"column":54},"end":{"line":35,"column":null}}]},"1":{"loc":{"start":{"line":38,"column":4},"end":{"line":40,"column":null}},"type":"if","locations":[{"start":{"line":38,"column":4},"end":{"line":40,"column":null}},{"start":{"line":38,"column":4},"end":{"line":40,"column":null}}]},"2":{"loc":{"start":{"line":41,"column":4},"end":{"line":43,"column":null}},"type":"if","locations":[{"start":{"line":41,"column":4},"end":{"line":43,"column":null}},{"start":{"line":41,"column":4},"end":{"line":43,"column":null}}]},"3":{"loc":{"start":{"line":44,"column":4},"end":{"line":46,"column":null}},"type":"if","locations":[{"start":{"line":44,"column":4},"end":{"line":46,"column":null}},{"start":{"line":44,"column":4},"end":{"line":46,"column":null}}]}},"s":{"0":5,"1":5,"2":18,"3":5,"4":33,"5":33,"6":33,"7":33,"8":33,"9":33,"10":5,"11":22,"12":22,"13":22,"14":22,"15":22,"16":22,"17":4,"18":12,"19":22,"20":4,"21":5,"22":22,"23":14,"24":23,"25":22,"26":5,"27":3,"28":10,"29":3,"30":5,"31":2,"32":7,"33":2,"34":5,"35":2,"36":2,"37":2,"38":2,"39":2,"40":6,"41":2,"42":2,"43":2,"44":5},"f":{"0":5,"1":18,"2":33,"3":22,"4":12,"5":5,"6":23,"7":3,"8":10,"9":2,"10":7,"11":2,"12":6},"b":{"0":[4,18],"1":[4,18],"2":[4,18],"3":[14,8]}}
,"D:\\personal\\teste-pratico\\src\\repositories\\Driver\\index.ts": {"path":"D:\\personal\\teste-pratico\\src\\repositories\\Driver\\index.ts","statementMap":{"0":{"start":{"line":1,"column":0},"end":{"line":1,"column":41}},"1":{"start":{"line":8,"column":0},"end":{"line":8,"column":null}},"2":{"start":{"line":12,"column":4},"end":{"line":12,"column":22}},"3":{"start":{"line":15,"column":9},"end":{"line":21,"column":null}},"4":{"start":{"line":16,"column":26},"end":{"line":16,"column":46}},"5":{"start":{"line":18,"column":4},"end":{"line":18,"column":37}},"6":{"start":{"line":20,"column":4},"end":{"line":20,"column":25}},"7":{"start":{"line":23,"column":9},"end":{"line":28,"column":null}},"8":{"start":{"line":23,"column":14},"end":{"line":23,"column":null}},"9":{"start":{"line":24,"column":4},"end":{"line":26,"column":null}},"10":{"start":{"line":25,"column":6},"end":{"line":25,"column":65}},"11":{"start":{"line":25,"column":43},"end":{"line":25,"column":64}},"12":{"start":{"line":27,"column":4},"end":{"line":27,"column":24}},"13":{"start":{"line":30,"column":9},"end":{"line":34,"column":null}},"14":{"start":{"line":31,"column":29},"end":{"line":31,"column":79}},"15":{"start":{"line":31,"column":62},"end":{"line":31,"column":79}},"16":{"start":{"line":33,"column":4},"end":{"line":33,"column":42}},"17":{"start":{"line":36,"column":9},"end":{"line":47,"column":null}},"18":{"start":{"line":36,"column":20},"end":{"line":36,"column":22}},"19":{"start":{"line":36,"column":26},"end":{"line":36,"column":39}},"20":{"start":{"line":37,"column":21},"end":{"line":37,"column":71}},"21":{"start":{"line":37,"column":54},"end":{"line":37,"column":71}},"22":{"start":{"line":39,"column":29},"end":{"line":39,"column":52}},"23":{"start":{"line":41,"column":4},"end":{"line":44,"column":6}},"24":{"start":{"line":46,"column":4},"end":{"line":46,"column":34}},"25":{"start":{"line":49,"column":9},"end":{"line":53,"column":null}},"26":{"start":{"line":50,"column":26},"end":{"line":50,"column":73}},"27":{"start":{"line":50,"column":56},"end":{"line":50,"column":73}},"28":{"start":{"line":52,"column":4},"end":{"line":52,"column":33}},"29":{"start":{"line":54,"column":0},"end":{"line":54,"column":null}}},"fnMap":{"0":{"name":"(anonymous_1)","decl":{"start":{"line":8,"column":0},"end":{"line":8,"column":null}},"loc":{"start":{"line":8,"column":0},"end":{"line":54,"column":null}}},"1":{"name":"DriverRepository","decl":{"start":{"line":11,"column":2},"end":{"line":11,"column":null}},"loc":{"start":{"line":11,"column":2},"end":{"line":13,"column":3}}},"2":{"name":"(anonymous_3)","decl":{"start":{"line":15,"column":2},"end":{"line":15,"column":9}},"loc":{"start":{"line":15,"column":28},"end":{"line":21,"column":3}}},"3":{"name":"(anonymous_4)","decl":{"start":{"line":23,"column":2},"end":{"line":23,"column":9}},"loc":{"start":{"line":23,"column":23},"end":{"line":28,"column":3}}},"4":{"name":"(anonymous_5)","decl":{"start":{"line":25,"column":33},"end":{"line":25,"column":39}},"loc":{"start":{"line":25,"column":39},"end":{"line":25,"column":49}}},"5":{"name":"(anonymous_6)","decl":{"start":{"line":30,"column":2},"end":{"line":30,"column":9}},"loc":{"start":{"line":30,"column":28},"end":{"line":34,"column":3}}},"6":{"name":"(anonymous_7)","decl":{"start":{"line":31,"column":52},"end":{"line":31,"column":58}},"loc":{"start":{"line":31,"column":58},"end":{"line":31,"column":68}}},"7":{"name":"(anonymous_8)","decl":{"start":{"line":36,"column":2},"end":{"line":36,"column":9}},"loc":{"start":{"line":36,"column":39},"end":{"line":47,"column":3}}},"8":{"name":"(anonymous_9)","decl":{"start":{"line":37,"column":44},"end":{"line":37,"column":50}},"loc":{"start":{"line":37,"column":50},"end":{"line":37,"column":60}}},"9":{"name":"(anonymous_10)","decl":{"start":{"line":49,"column":2},"end":{"line":49,"column":9}},"loc":{"start":{"line":49,"column":26},"end":{"line":53,"column":3}}},"10":{"name":"(anonymous_11)","decl":{"start":{"line":50,"column":46},"end":{"line":50,"column":52}},"loc":{"start":{"line":50,"column":52},"end":{"line":50,"column":62}}}},"branchMap":{"0":{"loc":{"start":{"line":23,"column":14},"end":{"line":23,"column":null}},"type":"if","locations":[{"start":{"line":23,"column":14},"end":{"line":23,"column":null}},{"start":{"line":23,"column":14},"end":{"line":23,"column":null}}]},"1":{"loc":{"start":{"line":24,"column":4},"end":{"line":26,"column":null}},"type":"if","locations":[{"start":{"line":24,"column":4},"end":{"line":26,"column":null}},{"start":{"line":24,"column":4},"end":{"line":26,"column":null}}]}},"s":{"0":3,"1":3,"2":12,"3":3,"4":23,"5":23,"6":23,"7":3,"8":5,"9":3,"10":1,"11":4,"12":2,"13":3,"14":1,"15":3,"16":1,"17":3,"18":1,"19":1,"20":1,"21":1,"22":1,"23":1,"24":1,"25":3,"26":1,"27":4,"28":1,"29":3},"f":{"0":3,"1":12,"2":23,"3":3,"4":4,"5":1,"6":3,"7":1,"8":1,"9":1,"10":4},"b":{"0":[2,1],"1":[1,2]}}
,"D:\\personal\\teste-pratico\\src\\repositories\\Rent\\index.ts": {"path":"D:\\personal\\teste-pratico\\src\\repositories\\Rent\\index.ts","statementMap":{"0":{"start":{"line":1,"column":0},"end":{"line":1,"column":37}},"1":{"start":{"line":15,"column":0},"end":{"line":15,"column":null}},"2":{"start":{"line":19,"column":4},"end":{"line":19,"column":20}},"3":{"start":{"line":22,"column":9},"end":{"line":28,"column":null}},"4":{"start":{"line":22,"column":23},"end":{"line":22,"column":25}},"5":{"start":{"line":22,"column":33},"end":{"line":22,"column":35}},"6":{"start":{"line":22,"column":45},"end":{"line":22,"column":47}},"7":{"start":{"line":22,"column":53},"end":{"line":22,"column":70}},"8":{"start":{"line":23,"column":24},"end":{"line":23,"column":73}},"9":{"start":{"line":25,"column":4},"end":{"line":25,"column":33}},"10":{"start":{"line":27,"column":4},"end":{"line":27,"column":23}},"11":{"start":{"line":30,"column":9},"end":{"line":36,"column":null}},"12":{"start":{"line":30,"column":20},"end":{"line":30,"column":22}},"13":{"start":{"line":30,"column":33},"end":{"line":30,"column":52}},"14":{"start":{"line":31,"column":27},"end":{"line":31,"column":71}},"15":{"start":{"line":31,"column":56},"end":{"line":31,"column":71}},"16":{"start":{"line":33,"column":4},"end":{"line":33,"column":57}},"17":{"start":{"line":35,"column":4},"end":{"line":35,"column":38}},"18":{"start":{"line":38,"column":9},"end":{"line":40,"column":null}},"19":{"start":{"line":39,"column":4},"end":{"line":39,"column":22}},"20":{"start":{"line":41,"column":0},"end":{"line":41,"column":null}}},"fnMap":{"0":{"name":"(anonymous_1)","decl":{"start":{"line":15,"column":0},"end":{"line":15,"column":null}},"loc":{"start":{"line":15,"column":0},"end":{"line":41,"column":null}}},"1":{"name":"RentRepository","decl":{"start":{"line":18,"column":2},"end":{"line":18,"column":null}},"loc":{"start":{"line":18,"column":2},"end":{"line":20,"column":3}}},"2":{"name":"(anonymous_3)","decl":{"start":{"line":22,"column":2},"end":{"line":22,"column":9}},"loc":{"start":{"line":22,"column":70},"end":{"line":28,"column":3}}},"3":{"name":"(anonymous_4)","decl":{"start":{"line":30,"column":2},"end":{"line":30,"column":9}},"loc":{"start":{"line":30,"column":52},"end":{"line":36,"column":3}}},"4":{"name":"(anonymous_5)","decl":{"start":{"line":31,"column":48},"end":{"line":31,"column":52}},"loc":{"start":{"line":31,"column":52},"end":{"line":31,"column":60}}},"5":{"name":"(anonymous_6)","decl":{"start":{"line":38,"column":2},"end":{"line":38,"column":9}},"loc":{"start":{"line":38,"column":2},"end":{"line":40,"column":3}}}},"branchMap":{},"s":{"0":2,"1":2,"2":6,"3":2,"4":6,"5":6,"6":6,"7":6,"8":6,"9":6,"10":6,"11":2,"12":1,"13":1,"14":1,"15":1,"16":1,"17":1,"18":2,"19":9,"20":2},"f":{"0":2,"1":6,"2":6,"3":1,"4":1,"5":9},"b":{}}
,"D:\\personal\\teste-pratico\\src\\services\\Car\\CreateCarService.ts": {"path":"D:\\personal\\teste-pratico\\src\\services\\Car\\CreateCarService.ts","statementMap":{"0":{"start":{"line":10,"column":0},"end":{"line":10,"column":null}},"1":{"start":{"line":14,"column":4},"end":{"line":14,"column":39}},"2":{"start":{"line":17,"column":9},"end":{"line":29,"column":null}},"3":{"start":{"line":17,"column":24},"end":{"line":17,"column":26}},"4":{"start":{"line":17,"column":29},"end":{"line":17,"column":31}},"5":{"start":{"line":17,"column":36},"end":{"line":17,"column":47}},"6":{"start":{"line":18,"column":30},"end":{"line":18,"column":64}},"7":{"start":{"line":20,"column":4},"end":{"line":22,"column":null}},"8":{"start":{"line":21,"column":6},"end":{"line":21,"column":50}},"9":{"start":{"line":24,"column":4},"end":{"line":28,"column":7}},"10":{"start":{"line":30,"column":0},"end":{"line":30,"column":null}}},"fnMap":{"0":{"name":"(anonymous_0)","decl":{"start":{"line":10,"column":0},"end":{"line":10,"column":null}},"loc":{"start":{"line":10,"column":0},"end":{"line":30,"column":null}}},"1":{"name":"CreateCarService","decl":{"start":{"line":13,"column":2},"end":{"line":13,"column":14}},"loc":{"start":{"line":13,"column":42},"end":{"line":15,"column":3}}},"2":{"name":"(anonymous_2)","decl":{"start":{"line":17,"column":2},"end":{"line":17,"column":9}},"loc":{"start":{"line":17,"column":47},"end":{"line":29,"column":3}}}},"branchMap":{"0":{"loc":{"start":{"line":20,"column":4},"end":{"line":22,"column":null}},"type":"if","locations":[{"start":{"line":20,"column":4},"end":{"line":22,"column":null}},{"start":{"line":20,"column":4},"end":{"line":22,"column":null}}]}},"s":{"0":2,"1":3,"2":2,"3":11,"4":11,"5":11,"6":11,"7":11,"8":3,"9":8,"10":2},"f":{"0":2,"1":3,"2":11},"b":{"0":[3,8]}}
,"D:\\personal\\teste-pratico\\src\\services\\Rent\\CreateRentService.ts": {"path":"D:\\personal\\teste-pratico\\src\\services\\Rent\\CreateRentService.ts","statementMap":{"0":{"start":{"line":11,"column":0},"end":{"line":11,"column":null}},"1":{"start":{"line":15,"column":4},"end":{"line":15,"column":41}},"2":{"start":{"line":18,"column":9},"end":{"line":43,"column":null}},"3":{"start":{"line":18,"column":24},"end":{"line":18,"column":26}},"4":{"start":{"line":18,"column":34},"end":{"line":18,"column":36}},"5":{"start":{"line":18,"column":46},"end":{"line":18,"column":48}},"6":{"start":{"line":18,"column":54},"end":{"line":18,"column":65}},"7":{"start":{"line":19,"column":18},"end":{"line":19,"column":44}},"8":{"start":{"line":21,"column":26},"end":{"line":22,"column":null}},"9":{"start":{"line":22,"column":14},"end":{"line":22,"column":null}},"10":{"start":{"line":25,"column":4},"end":{"line":27,"column":null}},"11":{"start":{"line":26,"column":6},"end":{"line":26,"column":38}},"12":{"start":{"line":29,"column":32},"end":{"line":30,"column":null}},"13":{"start":{"line":30,"column":14},"end":{"line":30,"column":null}},"14":{"start":{"line":33,"column":4},"end":{"line":35,"column":null}},"15":{"start":{"line":34,"column":6},"end":{"line":34,"column":55}},"16":{"start":{"line":37,"column":4},"end":{"line":42,"column":7}},"17":{"start":{"line":44,"column":0},"end":{"line":44,"column":null}}},"fnMap":{"0":{"name":"(anonymous_0)","decl":{"start":{"line":11,"column":0},"end":{"line":11,"column":null}},"loc":{"start":{"line":11,"column":0},"end":{"line":44,"column":null}}},"1":{"name":"CreateRentService","decl":{"start":{"line":14,"column":2},"end":{"line":14,"column":14}},"loc":{"start":{"line":14,"column":44},"end":{"line":16,"column":3}}},"2":{"name":"(anonymous_2)","decl":{"start":{"line":18,"column":2},"end":{"line":18,"column":9}},"loc":{"start":{"line":18,"column":65},"end":{"line":43,"column":3}}},"3":{"name":"(anonymous_3)","decl":{"start":{"line":22,"column":6},"end":{"line":22,"column":10}},"loc":{"start":{"line":22,"column":10},"end":{"line":22,"column":18}}},"4":{"name":"(anonymous_4)","decl":{"start":{"line":30,"column":6},"end":{"line":30,"column":10}},"loc":{"start":{"line":30,"column":10},"end":{"line":30,"column":18}}}},"branchMap":{"0":{"loc":{"start":{"line":22,"column":14},"end":{"line":22,"column":34}},"type":"binary-expr","locations":[{"start":{"line":22,"column":14},"end":{"line":22,"column":34}},{"start":{"line":22,"column":38},"end":{"line":22,"column":68}}]},"1":{"loc":{"start":{"line":25,"column":4},"end":{"line":27,"column":null}},"type":"if","locations":[{"start":{"line":25,"column":4},"end":{"line":27,"column":null}},{"start":{"line":25,"column":4},"end":{"line":27,"column":null}}]},"2":{"loc":{"start":{"line":30,"column":14},"end":{"line":30,"column":40}},"type":"binary-expr","locations":[{"start":{"line":30,"column":14},"end":{"line":30,"column":40}},{"start":{"line":30,"column":44},"end":{"line":30,"column":74}}]},"3":{"loc":{"start":{"line":33,"column":4},"end":{"line":35,"column":null}},"type":"if","locations":[{"start":{"line":33,"column":4},"end":{"line":35,"column":null}},{"start":{"line":33,"column":4},"end":{"line":35,"column":null}}]}},"s":{"0":1,"1":3,"2":1,"3":5,"4":5,"5":5,"6":5,"7":5,"8":5,"9":2,"10":5,"11":1,"12":4,"13":1,"14":4,"15":1,"16":3,"17":1},"f":{"0":1,"1":3,"2":5,"3":2,"4":1},"b":{"0":[2,1],"1":[1,4],"2":[1,1],"3":[1,3]}}
}
