{"/mnt/d/personal/teste-pratico/src/models/Car.ts": {"path":"/mnt/d/personal/teste-pratico/src/models/Car.ts","statementMap":{"0":{"start":{"line":1,"column":0},"end":{"line":1,"column":30}},"1":{"start":{"line":3,"column":0},"end":{"line":3,"column":null}},"2":{"start":{"line":12,"column":19},"end":{"line":12,"column":21}},"3":{"start":{"line":12,"column":26},"end":{"line":12,"column":28}},"4":{"start":{"line":12,"column":33},"end":{"line":12,"column":52}},"5":{"start":{"line":13,"column":4},"end":{"line":13,"column":21}},"6":{"start":{"line":14,"column":4},"end":{"line":14,"column":19}},"7":{"start":{"line":15,"column":4},"end":{"line":15,"column":23}},"8":{"start":{"line":16,"column":4},"end":{"line":16,"column":23}},"9":{"start":{"line":18,"column":0},"end":{"line":18,"column":null}}},"fnMap":{"0":{"name":"(anonymous_0)","decl":{"start":{"line":3,"column":0},"end":{"line":3,"column":null}},"loc":{"start":{"line":3,"column":0},"end":{"line":18,"column":null}}},"1":{"name":"Car","decl":{"start":{"line":12,"column":2},"end":{"line":12,"column":14}},"loc":{"start":{"line":12,"column":52},"end":{"line":17,"column":3}}}},"branchMap":{},"s":{"0":1,"1":1,"2":15,"3":15,"4":15,"5":15,"6":15,"7":15,"8":15,"9":1},"f":{"0":1,"1":15},"b":{}}
,"/mnt/d/personal/teste-pratico/src/repositories/Car/index.ts": {"path":"/mnt/d/personal/teste-pratico/src/repositories/Car/index.ts","statementMap":{"0":{"start":{"line":1,"column":0},"end":{"line":1,"column":35}},"1":{"start":{"line":15,"column":0},"end":{"line":15,"column":null}},"2":{"start":{"line":19,"column":4},"end":{"line":19,"column":19}},"3":{"start":{"line":22,"column":9},"end":{"line":32,"column":null}},"4":{"start":{"line":22,"column":21},"end":{"line":22,"column":23}},"5":{"start":{"line":22,"column":28},"end":{"line":22,"column":30}},"6":{"start":{"line":22,"column":35},"end":{"line":22,"column":45}},"7":{"start":{"line":23,"column":16},"end":{"line":27,"column":6}},"8":{"start":{"line":29,"column":4},"end":{"line":29,"column":24}},"9":{"start":{"line":31,"column":4},"end":{"line":31,"column":15}},"10":{"start":{"line":34,"column":9},"end":{"line":43,"column":null}},"11":{"start":{"line":34,"column":14},"end":{"line":34,"column":null}},"12":{"start":{"line":34,"column":21},"end":{"line":34,"column":23}},"13":{"start":{"line":34,"column":26},"end":{"line":34,"column":45}},"14":{"start":{"line":35,"column":4},"end":{"line":37,"column":null}},"15":{"start":{"line":36,"column":6},"end":{"line":36,"column":58}},"16":{"start":{"line":36,"column":37},"end":{"line":36,"column":57}},"17":{"start":{"line":38,"column":4},"end":{"line":40,"column":null}},"18":{"start":{"line":39,"column":6},"end":{"line":39,"column":54}},"19":{"start":{"line":39,"column":37},"end":{"line":39,"column":53}},"20":{"start":{"line":42,"column":4},"end":{"line":42,"column":21}},"21":{"start":{"line":45,"column":9},"end":{"line":49,"column":null}},"22":{"start":{"line":46,"column":28},"end":{"line":46,"column":72}},"23":{"start":{"line":46,"column":55},"end":{"line":46,"column":72}},"24":{"start":{"line":48,"column":4},"end":{"line":48,"column":38}},"25":{"start":{"line":51,"column":9},"end":{"line":55,"column":null}},"26":{"start":{"line":52,"column":27},"end":{"line":52,"column":68}},"27":{"start":{"line":52,"column":51},"end":{"line":52,"column":68}},"28":{"start":{"line":54,"column":4},"end":{"line":54,"column":31}},"29":{"start":{"line":57,"column":9},"end":{"line":70,"column":null}},"30":{"start":{"line":57,"column":20},"end":{"line":57,"column":22}},"31":{"start":{"line":57,"column":25},"end":{"line":57,"column":27}},"32":{"start":{"line":57,"column":32},"end":{"line":57,"column":34}},"33":{"start":{"line":57,"column":39},"end":{"line":57,"column":49}},"34":{"start":{"line":58,"column":21},"end":{"line":58,"column":62}},"35":{"start":{"line":58,"column":48},"end":{"line":58,"column":62}},"36":{"start":{"line":60,"column":26},"end":{"line":60,"column":46}},"37":{"start":{"line":62,"column":4},"end":{"line":67,"column":6}},"38":{"start":{"line":69,"column":4},"end":{"line":69,"column":31}},"39":{"start":{"line":71,"column":0},"end":{"line":71,"column":null}}},"fnMap":{"0":{"name":"(anonymous_1)","decl":{"start":{"line":15,"column":0},"end":{"line":15,"column":null}},"loc":{"start":{"line":15,"column":0},"end":{"line":71,"column":null}}},"1":{"name":"CarRepository","decl":{"start":{"line":18,"column":2},"end":{"line":18,"column":null}},"loc":{"start":{"line":18,"column":2},"end":{"line":20,"column":3}}},"2":{"name":"(anonymous_3)","decl":{"start":{"line":22,"column":2},"end":{"line":22,"column":9}},"loc":{"start":{"line":22,"column":45},"end":{"line":32,"column":3}}},"3":{"name":"(anonymous_4)","decl":{"start":{"line":34,"column":2},"end":{"line":34,"column":9}},"loc":{"start":{"line":34,"column":47},"end":{"line":43,"column":3}}},"4":{"name":"(anonymous_5)","decl":{"start":{"line":36,"column":30},"end":{"line":36,"column":33}},"loc":{"start":{"line":36,"column":33},"end":{"line":36,"column":40}}},"5":{"name":"(anonymous_6)","decl":{"start":{"line":39,"column":30},"end":{"line":39,"column":33}},"loc":{"start":{"line":39,"column":33},"end":{"line":39,"column":40}}},"6":{"name":"(anonymous_7)","decl":{"start":{"line":45,"column":2},"end":{"line":45,"column":9}},"loc":{"start":{"line":45,"column":31},"end":{"line":49,"column":3}}},"7":{"name":"(anonymous_8)","decl":{"start":{"line":46,"column":48},"end":{"line":46,"column":51}},"loc":{"start":{"line":46,"column":51},"end":{"line":46,"column":58}}},"8":{"name":"(anonymous_9)","decl":{"start":{"line":51,"column":2},"end":{"line":51,"column":9}},"loc":{"start":{"line":51,"column":29},"end":{"line":55,"column":3}}},"9":{"name":"(anonymous_10)","decl":{"start":{"line":52,"column":44},"end":{"line":52,"column":47}},"loc":{"start":{"line":52,"column":47},"end":{"line":52,"column":54}}},"10":{"name":"(anonymous_11)","decl":{"start":{"line":57,"column":2},"end":{"line":57,"column":9}},"loc":{"start":{"line":57,"column":49},"end":{"line":70,"column":3}}},"11":{"name":"(anonymous_12)","decl":{"start":{"line":58,"column":41},"end":{"line":58,"column":44}},"loc":{"start":{"line":58,"column":44},"end":{"line":58,"column":51}}}},"branchMap":{"0":{"loc":{"start":{"line":34,"column":45},"end":{"line":34,"column":47}},"type":"cond-expr","locations":[{"start":{"line":34,"column":45},"end":{"line":34,"column":47}},{"start":{"line":34,"column":47},"end":{"line":34,"column":null}}]},"1":{"loc":{"start":{"line":35,"column":4},"end":{"line":37,"column":null}},"type":"if","locations":[{"start":{"line":35,"column":4},"end":{"line":37,"column":null}},{"start":{"line":35,"column":4},"end":{"line":37,"column":null}}]},"2":{"loc":{"start":{"line":38,"column":4},"end":{"line":40,"column":null}},"type":"if","locations":[{"start":{"line":38,"column":4},"end":{"line":40,"column":null}},{"start":{"line":38,"column":4},"end":{"line":40,"column":null}}]}},"s":{"0":1,"1":1,"2":8,"3":1,"4":15,"5":15,"6":15,"7":15,"8":15,"9":15,"10":1,"11":5,"12":5,"13":5,"14":5,"15":2,"16":5,"17":3,"18":1,"19":3,"20":2,"21":1,"22":1,"23":1,"24":1,"25":1,"26":1,"27":2,"28":1,"29":1,"30":1,"31":1,"32":1,"33":1,"34":1,"35":1,"36":1,"37":1,"38":1,"39":1},"f":{"0":1,"1":8,"2":15,"3":5,"4":5,"5":3,"6":1,"7":1,"8":1,"9":2,"10":1,"11":1},"b":{"0":[2,3],"1":[2,3],"2":[1,2]}}
}
