TN:
SF:src\app.ts
FNF:0
FNH:0
DA:1,3
DA:2,3
DA:4,3
DA:5,3
DA:6,3
DA:8,3
LF:6
LH:6
BRF:0
BRH:0
end_of_record
TN:
SF:src\controllers\CarController.ts
FN:11,(anonymous_1)
FN:29,(anonymous_2)
FN:41,(anonymous_3)
FN:49,(anonymous_4)
FNF:4
FNH:4
FNDA:5,(anonymous_1)
FNDA:14,(anonymous_2)
FNDA:1,(anonymous_3)
FNDA:1,(anonymous_4)
DA:1,3
DA:3,3
DA:4,3
DA:6,3
DA:8,3
DA:9,3
DA:11,3
DA:12,5
DA:14,5
DA:15,2
DA:17,2
DA:20,3
DA:26,3
DA:29,3
DA:30,14
DA:32,14
DA:38,12
DA:41,3
DA:42,1
DA:44,1
DA:46,1
DA:49,3
DA:50,1
DA:51,1
DA:53,1
DA:55,1
DA:58,3
LF:27
LH:27
BRDA:14,0,0,2
BRDA:14,0,1,3
BRDA:21,1,0,1
BRDA:21,1,1,2
BRDA:21,2,0,3
BRDA:21,2,1,3
BRDA:22,3,0,1
BRDA:22,3,1,2
BRDA:22,4,0,3
BRDA:22,4,1,3
BRDA:23,5,0,1
BRDA:23,5,1,2
BRDA:23,6,0,3
BRDA:23,6,1,3
BRF:14
BRH:14
end_of_record
TN:
SF:src\controllers\DriverController.ts
FN:9,(anonymous_1)
FN:23,(anonymous_2)
FN:31,(anonymous_3)
FN:39,(anonymous_4)
FNF:4
FNH:4
FNDA:5,(anonymous_1)
FNDA:13,(anonymous_2)
FNDA:1,(anonymous_3)
FNDA:1,(anonymous_4)
DA:1,3
DA:3,3
DA:5,3
DA:7,3
DA:9,3
DA:10,5
DA:12,5
DA:13,3
DA:15,3
DA:18,2
DA:20,2
DA:23,3
DA:24,13
DA:26,13
DA:28,13
DA:31,3
DA:32,1
DA:34,1
DA:36,1
DA:39,3
DA:40,1
DA:41,1
DA:43,1
DA:45,1
DA:48,3
LF:25
LH:25
BRDA:12,0,0,3
BRDA:12,0,1,2
BRDA:18,1,0,1
BRDA:18,1,1,1
BRDA:18,2,0,2
BRDA:18,2,1,2
BRF:6
BRH:6
end_of_record
TN:
SF:src\controllers\RentController.ts
FN:11,(anonymous_1)
FN:28,(anonymous_2)
FN:34,(anonymous_3)
FNF:3
FNH:3
FNDA:7,(anonymous_1)
FNDA:1,(anonymous_2)
FNDA:1,(anonymous_3)
DA:1,3
DA:3,3
DA:4,3
DA:6,3
DA:8,3
DA:9,3
DA:11,3
DA:12,7
DA:13,7
DA:15,7
DA:22,5
DA:24,2
DA:28,3
DA:29,1
DA:31,1
DA:34,3
DA:35,1
DA:37,1
DA:39,1
DA:41,3
LF:20
LH:20
BRF:0
BRH:0
end_of_record
TN:
SF:src\controllers\index.ts
FNF:0
FNH:0
DA:1,3
DA:2,3
DA:3,3
DA:4,3
DA:6,3
DA:8,3
DA:9,3
DA:10,3
DA:12,3
LF:9
LH:9
BRF:0
BRH:0
end_of_record
TN:
SF:src\models\Car.ts
FN:3,(anonymous_0)
FN:12,Car
FNF:2
FNH:2
FNDA:7,(anonymous_0)
FNDA:39,Car
DA:1,7
DA:3,7
DA:12,39
DA:13,39
DA:14,39
DA:15,39
DA:16,39
DA:18,7
LF:8
LH:8
BRF:0
BRH:0
end_of_record
TN:
SF:src\models\Driver.ts
FN:3,(anonymous_0)
FN:8,Driver
FNF:2
FNH:2
FNDA:6,(anonymous_0)
FNDA:36,Driver
DA:1,6
DA:3,6
DA:8,36
DA:9,36
DA:10,36
DA:12,6
LF:6
LH:6
BRF:0
BRH:0
end_of_record
TN:
SF:src\models\Rent.ts
FN:3,(anonymous_0)
FN:16,Rent
FNF:2
FNH:2
FNDA:5,(anonymous_0)
FNDA:11,Rent
DA:1,5
DA:3,5
DA:16,11
DA:17,11
DA:18,11
DA:19,11
DA:20,11
DA:21,11
DA:23,5
LF:9
LH:9
BRF:0
BRH:0
end_of_record
TN:
SF:src\repositories\Car\index.ts
FN:16,(anonymous_1)
FN:19,CarRepository
FN:23,(anonymous_3)
FN:35,(anonymous_4)
FN:39,(anonymous_5)
FN:42,(anonymous_6)
FN:45,(anonymous_7)
FN:51,(anonymous_8)
FN:52,(anonymous_9)
FN:57,(anonymous_10)
FN:58,(anonymous_11)
FN:63,(anonymous_12)
FN:64,(anonymous_13)
FNF:13
FNH:13
FNDA:7,(anonymous_1)
FNDA:20,CarRepository
FNDA:39,(anonymous_3)
FNDA:28,(anonymous_4)
FNDA:12,(anonymous_5)
FNDA:5,(anonymous_6)
FNDA:38,(anonymous_7)
FNDA:3,(anonymous_8)
FNDA:10,(anonymous_9)
FNDA:2,(anonymous_10)
FNDA:7,(anonymous_11)
FNDA:2,(anonymous_12)
FNDA:6,(anonymous_13)
DA:1,7
DA:16,7
DA:20,20
DA:23,39
DA:24,39
DA:30,39
DA:32,39
DA:35,28
DA:36,28
DA:38,28
DA:39,12
DA:41,28
DA:42,5
DA:44,28
DA:45,38
DA:48,28
DA:51,7
DA:52,10
DA:54,3
DA:57,7
DA:58,7
DA:60,2
DA:63,7
DA:64,6
DA:66,2
DA:68,2
DA:75,2
DA:77,7
LF:28
LH:28
BRDA:35,0,0,4
BRDA:35,0,1,24
BRDA:38,1,0,4
BRDA:38,1,1,24
BRDA:41,2,0,4
BRDA:41,2,1,24
BRDA:44,3,0,20
BRDA:44,3,1,8
BRF:8
BRH:8
end_of_record
TN:
SF:src\repositories\Driver\index.ts
FN:8,(anonymous_1)
FN:11,DriverRepository
FN:15,(anonymous_3)
FN:23,(anonymous_4)
FN:25,(anonymous_5)
FN:30,(anonymous_6)
FN:31,(anonymous_7)
FN:36,(anonymous_8)
FN:37,(anonymous_9)
FN:49,(anonymous_10)
FN:50,(anonymous_11)
FNF:11
FNH:11
FNDA:6,(anonymous_1)
FNDA:15,DriverRepository
FNDA:36,(anonymous_3)
FNDA:5,(anonymous_4)
FNDA:8,(anonymous_5)
FNDA:4,(anonymous_6)
FNDA:19,(anonymous_7)
FNDA:2,(anonymous_8)
FNDA:7,(anonymous_9)
FNDA:2,(anonymous_10)
FNDA:10,(anonymous_11)
DA:1,6
DA:8,6
DA:12,15
DA:15,6
DA:16,36
DA:18,36
DA:20,36
DA:23,8
DA:24,5
DA:25,8
DA:27,3
DA:30,6
DA:31,19
DA:33,4
DA:36,6
DA:37,7
DA:39,2
DA:41,2
DA:46,2
DA:49,6
DA:50,10
DA:52,2
DA:54,6
LF:23
LH:23
BRDA:23,0,0,3
BRDA:23,0,1,2
BRDA:24,1,0,2
BRDA:24,1,1,3
BRF:4
BRH:4
end_of_record
TN:
SF:src\repositories\Rent\index.ts
FN:15,(anonymous_1)
FN:18,RentRepository
FN:22,(anonymous_3)
FN:30,(anonymous_4)
FN:31,(anonymous_5)
FN:38,(anonymous_6)
FNF:6
FNH:6
FNDA:5,(anonymous_1)
FNDA:9,RentRepository
FNDA:11,(anonymous_3)
FNDA:2,(anonymous_4)
FNDA:6,(anonymous_5)
FNDA:17,(anonymous_6)
DA:1,5
DA:15,5
DA:19,9
DA:22,11
DA:23,11
DA:25,11
DA:27,11
DA:30,5
DA:31,6
DA:33,2
DA:35,2
DA:38,5
DA:39,17
DA:41,5
LF:14
LH:14
BRF:0
BRH:0
end_of_record
TN:
SF:src\services\Car\CreateCarService.ts
FN:10,(anonymous_0)
FN:13,CreateCarService
FN:17,(anonymous_2)
FNF:3
FNH:3
FNDA:4,(anonymous_0)
FNDA:5,CreateCarService
FNDA:17,(anonymous_2)
DA:10,4
DA:14,5
DA:17,17
DA:18,17
DA:20,17
DA:21,3
DA:24,14
DA:30,4
LF:8
LH:8
BRDA:20,0,0,3
BRDA:20,0,1,14
BRF:2
BRH:2
end_of_record
TN:
SF:src\services\Rent\CreateRentService.ts
FN:11,(anonymous_0)
FN:14,CreateRentService
FN:18,(anonymous_2)
FN:22,(anonymous_3)
FN:30,(anonymous_4)
FNF:5
FNH:5
FNDA:4,(anonymous_0)
FNDA:6,CreateRentService
FNDA:12,(anonymous_2)
FNDA:17,(anonymous_3)
FNDA:14,(anonymous_4)
DA:11,4
DA:15,6
DA:18,12
DA:19,12
DA:21,12
DA:22,17
DA:25,12
DA:26,2
DA:29,10
DA:30,14
DA:33,10
DA:34,2
DA:37,8
DA:44,4
LF:14
LH:14
BRDA:22,0,0,17
BRDA:22,0,1,2
BRDA:25,1,0,2
BRDA:25,1,1,10
BRDA:30,2,0,14
BRDA:30,2,1,2
BRDA:33,3,0,2
BRDA:33,3,1,8
BRF:8
BRH:8
end_of_record
