TN:
SF:src\models\Car.ts
FN:3,(anonymous_0)
FN:12,Car
FNF:2
FNH:2
FNDA:1,(anonymous_0)
FNDA:15,Car
DA:1,1
DA:3,1
DA:12,15
DA:13,15
DA:14,15
DA:15,15
DA:16,15
DA:18,1
LF:8
LH:8
BRF:0
BRH:0
end_of_record
TN:
SF:src\models\Driver.ts
FN:3,(anonymous_0)
FN:8,Driver
FNF:2
FNH:2
FNDA:1,(anonymous_0)
FNDA:16,Driver
DA:1,1
DA:3,1
DA:8,16
DA:9,16
DA:10,16
DA:12,1
LF:6
LH:6
BRF:0
BRH:0
end_of_record
TN:
SF:src\repositories\Car\index.ts
FN:15,(anonymous_1)
FN:18,CarRepository
FN:22,(anonymous_3)
FN:34,(anonymous_4)
FN:36,(anonymous_5)
FN:39,(anonymous_6)
FN:45,(anonymous_7)
FN:46,(anonymous_8)
FN:51,(anonymous_9)
FN:52,(anonymous_10)
FN:57,(anonymous_11)
FN:58,(anonymous_12)
FNF:12
FNH:12
FNDA:1,(anonymous_1)
FNDA:8,CarRepository
FNDA:15,(anonymous_3)
FNDA:5,(anonymous_4)
FNDA:5,(anonymous_5)
FNDA:3,(anonymous_6)
FNDA:1,(anonymous_7)
FNDA:1,(anonymous_8)
FNDA:1,(anonymous_9)
FNDA:2,(anonymous_10)
FNDA:1,(anonymous_11)
FNDA:1,(anonymous_12)
DA:1,1
DA:15,1
DA:19,8
DA:22,15
DA:23,15
DA:29,15
DA:31,15
DA:34,5
DA:35,5
DA:36,5
DA:38,3
DA:39,3
DA:42,2
DA:45,1
DA:46,1
DA:48,1
DA:51,1
DA:52,2
DA:54,1
DA:57,1
DA:58,1
DA:60,1
DA:62,1
DA:69,1
DA:71,1
LF:25
LH:25
BRDA:34,0,0,2
BRDA:34,0,1,3
BRDA:35,1,0,2
BRDA:35,1,1,3
BRDA:38,2,0,1
BRDA:38,2,1,2
BRF:6
BRH:6
end_of_record
TN:
SF:src\repositories\Driver\index.ts
FN:8,(anonymous_1)
FN:11,DriverRepository
FN:15,(anonymous_3)
FN:23,(anonymous_4)
FN:25,(anonymous_5)
FN:30,(anonymous_6)
FN:32,(anonymous_7)
FN:38,(anonymous_8)
FN:39,(anonymous_9)
FN:51,(anonymous_10)
FN:52,(anonymous_11)
FNF:11
FNH:11
FNDA:1,(anonymous_1)
FNDA:6,DriverRepository
FNDA:16,(anonymous_3)
FNDA:3,(anonymous_4)
FNDA:4,(anonymous_5)
FNDA:1,(anonymous_6)
FNDA:3,(anonymous_7)
FNDA:1,(anonymous_8)
FNDA:1,(anonymous_9)
FNDA:1,(anonymous_10)
FNDA:4,(anonymous_11)
DA:1,1
DA:8,1
DA:12,6
DA:15,1
DA:16,16
DA:18,16
DA:20,16
DA:23,5
DA:24,3
DA:25,4
DA:27,2
DA:30,1
DA:31,1
DA:32,3
DA:35,1
DA:38,1
DA:39,1
DA:41,1
DA:43,1
DA:48,1
DA:51,1
DA:52,4
DA:54,1
DA:56,1
LF:24
LH:24
BRDA:23,0,0,2
BRDA:23,0,1,1
BRDA:24,1,0,1
BRDA:24,1,1,2
BRF:4
BRH:4
end_of_record
